<?xml version="1.0" encoding="UTF-8"?>
<!-- Generated by org.testng.reporters.JUnitReportReporter -->
<testsuite name="DeltaxRegistration.Delatx_registartiongForm.Registration.Tc_004_VerifyRegistrationWithSpecialChracters" tests="5" time="7.534" ignored="0" failures="0" timestamp="28 Nov 2017 14:32:24 GMT" skipped="0" hostname="ZIPLSY1664" errors="0">
  <testcase name="VerifyRegistrationWithSpecialChracters" time="1.742" classname="DeltaxRegistration.Delatx_registartiongForm.Registration.Tc_004_VerifyRegistrationWithSpecialChracters"/>
  <testcase name="VerifyRegistrationWithSpecialChracters" time="1.470" classname="DeltaxRegistration.Delatx_registartiongForm.Registration.Tc_004_VerifyRegistrationWithSpecialChracters"/>
  <testcase name="VerifyRegistrationWithSpecialChracters" time="1.495" classname="DeltaxRegistration.Delatx_registartiongForm.Registration.Tc_004_VerifyRegistrationWithSpecialChracters"/>
  <testcase name="VerifyRegistrationWithSpecialChracters" time="1.440" classname="DeltaxRegistration.Delatx_registartiongForm.Registration.Tc_004_VerifyRegistrationWithSpecialChracters"/>
  <testcase name="VerifyRegistrationWithSpecialChracters" time="1.387" classname="DeltaxRegistration.Delatx_registartiongForm.Registration.Tc_004_VerifyRegistrationWithSpecialChracters"/>
</testsuite> <!-- DeltaxRegistration.Delatx_registartiongForm.Registration.Tc_004_VerifyRegistrationWithSpecialChracters -->
