<?xml version="1.0" encoding="UTF-8"?>
<!-- Generated by org.testng.reporters.JUnitReportReporter -->
<testsuite name="DeltaxRegistration.Delatx_registartiongForm.Registration.Tc_00_VerifyRegistrationwithValiddata" tests="1" time="1.845" ignored="0" failures="0" timestamp="28 Nov 2017 14:35:06 GMT" skipped="0" hostname="ZIPLSY1664" errors="0">
  <testcase name="VerifyRegistrationwithValiddata" time="1.845" classname="DeltaxRegistration.Delatx_registartiongForm.Registration.Tc_00_VerifyRegistrationwithValiddata"/>
</testsuite> <!-- DeltaxRegistration.Delatx_registartiongForm.Registration.Tc_00_VerifyRegistrationwithValiddata -->
