<?xml version="1.0" encoding="UTF-8"?>
<!-- Generated by org.testng.reporters.JUnitReportReporter -->
<testsuite name="DeltaxRegistration.Delatx_registartiongForm.Registration.Tc_003_VerifyRegistrationForIncorrectConfirmPassowrd" tests="1" time="3.059" ignored="0" failures="0" timestamp="28 Nov 2017 07:28:08 GMT" skipped="0" hostname="ZIPLSY1664" errors="0">
  <testcase name="VerifyRegistrationwithValiddata" time="3.059" classname="DeltaxRegistration.Delatx_registartiongForm.Registration.Tc_003_VerifyRegistrationForIncorrectConfirmPassowrd"/>
</testsuite> <!-- DeltaxRegistration.Delatx_registartiongForm.Registration.Tc_003_VerifyRegistrationForIncorrectConfirmPassowrd -->
