<?xml version="1.0" encoding="UTF-8"?>
<!-- Generated by org.testng.reporters.JUnitReportReporter -->
<testsuite name="LetsTrySelenium.Rainbow_Selenium_framework.RainbowHomePage.TCC00VerifyAddcCard" tests="4" time="81.819" ignored="0" failures="0" timestamp="23 Nov 2017 09:39:24 GMT" skipped="0" hostname="ZIPLSY1664" errors="0">
  <testcase name="TCC00VerifyAddcCard" time="19.247" classname="LetsTrySelenium.Rainbow_Selenium_framework.RainbowHomePage.TCC00VerifyAddcCard"/>
  <testcase name="TCC00VerifyAddcCard" time="27.553" classname="LetsTrySelenium.Rainbow_Selenium_framework.RainbowHomePage.TCC00VerifyAddcCard"/>
  <testcase name="TCC00VerifyAddcCard" time="17.612" classname="LetsTrySelenium.Rainbow_Selenium_framework.RainbowHomePage.TCC00VerifyAddcCard"/>
  <testcase name="TCC00VerifyAddcCard" time="17.407" classname="LetsTrySelenium.Rainbow_Selenium_framework.RainbowHomePage.TCC00VerifyAddcCard"/>
</testsuite> <!-- LetsTrySelenium.Rainbow_Selenium_framework.RainbowHomePage.TCC00VerifyAddcCard -->
